<?xml version="1.0" encoding="UTF-8"?>
<testng-results skipped="0" failed="0" total="1" passed="1">
  <reporter-output>
  </reporter-output>
  <suite name="Default suite" duration-ms="2838" started-at="2018-07-02T12:07:29Z" finished-at="2018-07-02T12:07:32Z">
    <groups>
    </groups>
    <test name="Default test" duration-ms="2838" started-at="2018-07-02T12:07:29Z" finished-at="2018-07-02T12:07:32Z">
      <class name="com.qait.automation.TaticBasicWithJavaScript.MainTest">
        <test-method status="PASS" signature="basicTest()[pri:0, instance:com.qait.automation.TaticBasicWithJavaScript.MainTest@4cc0edeb]" name="basicTest" duration-ms="2826" started-at="2018-07-02T17:37:29Z" finished-at="2018-07-02T17:37:32Z">
          <reporter-output>
          </reporter-output>
        </test-method> <!-- basicTest -->
      </class> <!-- com.qait.automation.TaticBasicWithJavaScript.MainTest -->
    </test> <!-- Default test -->
  </suite> <!-- Default suite -->
</testng-results>
